# JRE version: OpenJDK Runtime Environment Temurin-21.0.8+9 (21.0.8+9) (build 21.0.8+9-LTS)
# Java VM: OpenJDK 64-Bit Server VM Temurin-21.0.8+9 (21.0.8+9-LTS, mixed mode, sharing, tiered, compressed oops, compressed class ptrs, parallel gc, windows-amd64)
GC Precious Log:
 CardTable entry size: 512
 CPUs: 8 total, 8 available
 Memory: 16215M
 Large Page Support: Disabled
 NUMA Support: Disabled
 Compressed Oops: Enabled (32-bit)
 Alignments: Space 512K, Generation 512K, Heap 2M
 Heap Min Capacity: 100M
 Heap Initial Capacity: 100M
 Heap Max Capacity: 2G
 Pre-touch: Disabled
 Parallel Workers: 8
Heap:
 PSYoungGen      total 25088K, used 1014K [0x00000000d5580000, 0x00000000d7180000, 0x0000000100000000)
  eden space 23040K, 0% used [0x00000000d5580000,0x00000000d5580000,0x00000000d6c00000)
  from space 2048K, 49% used [0x00000000d6d80000,0x00000000d6e7dbc8,0x00000000d6f80000)
  to   space 1024K, 0% used [0x00000000d7080000,0x00000000d7080000,0x00000000d7180000)
 ParOldGen       total 761856K, used 761722K [0x0000000080000000, 0x00000000ae800000, 0x00000000d5580000)
  object space 761856K, 99% used [0x0000000080000000,0x00000000ae7de920,0x00000000ae800000)
 Metaspace       used 70162K, committed 71744K, reserved 1114112K
  class space    used 7341K, committed 8064K, reserved 1048576K
GC Heap History (20 events):
Event: 46.021 GC heap before
{Heap before GC invocations=1076 (full 3):
 PSYoungGen      total 14336K, used 14326K [0x00000000d5580000, 0x00000000d6a80000, 0x0000000100000000)
  eden space 12800K, 100% used [0x00000000d5580000,0x00000000d6200000,0x00000000d6200000)
  from space 1536K, 99% used [0x00000000d6500000,0x00000000d667d808,0x00000000d6680000)
  to   space 3072K, 0% used [0x00000000d6200000,0x00000000d6200000,0x00000000d6500000)
 ParOldGen       total 723456K, used 723107K [0x0000000080000000, 0x00000000ac280000, 0x00000000d5580000)
  object space 723456K, 99% used [0x0000000080000000,0x00000000ac228ec0,0x00000000ac280000)
 Metaspace       used 69939K, committed 71488K, reserved 1114112K
  class space    used 7320K, committed 8064K, reserved 1048576K
}
Event: 46.025 GC heap after
{Heap after GC invocations=1076 (full 3):
 PSYoungGen      total 14336K, used 1283K [0x00000000d5580000, 0x00000000d6600000, 0x0000000100000000)
  eden space 12800K, 0% used [0x00000000d5580000,0x00000000d5580000,0x00000000d6200000)
  from space 1536K, 83% used [0x00000000d6200000,0x00000000d6340c58,0x00000000d6380000)
  to   space 2048K, 0% used [0x00000000d6400000,0x00000000d6400000,0x00000000d6600000)
 ParOldGen       total 724992K, used 724561K [0x0000000080000000, 0x00000000ac400000, 0x00000000d5580000)
  object space 724992K, 99% used [0x0000000080000000,0x00000000ac3946c8,0x00000000ac400000)
 Metaspace       used 69939K, committed 71488K, reserved 1114112K
  class space    used 7320K, committed 8064K, reserved 1048576K
}
Event: 46.049 GC heap before
{Heap before GC invocations=1077 (full 3):
 PSYoungGen      total 14336K, used 14083K [0x00000000d5580000, 0x00000000d6600000, 0x0000000100000000)
  eden space 12800K, 100% used [0x00000000d5580000,0x00000000d6200000,0x00000000d6200000)
  from space 1536K, 83% used [0x00000000d6200000,0x00000000d6340c58,0x00000000d6380000)
  to   space 2048K, 0% used [0x00000000d6400000,0x00000000d6400000,0x00000000d6600000)
 ParOldGen       total 724992K, used 724561K [0x0000000080000000, 0x00000000ac400000, 0x00000000d5580000)
  object space 724992K, 99% used [0x0000000080000000,0x00000000ac3946c8,0x00000000ac400000)
 Metaspace       used 69939K, committed 71488K, reserved 1114112K
  class space    used 7320K, committed 8064K, reserved 1048576K
}
Event: 46.052 GC heap after
{Heap after GC invocations=1077 (full 3):
 PSYoungGen      total 14848K, used 1782K [0x00000000d5580000, 0x00000000d6600000, 0x0000000100000000)
  eden space 12800K, 0% used [0x00000000d5580000,0x00000000d5580000,0x00000000d6200000)
  from space 2048K, 87% used [0x00000000d6400000,0x00000000d65bd808,0x00000000d6600000)
  to   space 2048K, 0% used [0x00000000d6200000,0x00000000d6200000,0x00000000d6400000)
 ParOldGen       total 726016K, used 725733K [0x0000000080000000, 0x00000000ac500000, 0x00000000d5580000)
  object space 726016K, 99% used [0x0000000080000000,0x00000000ac4b97d0,0x00000000ac500000)
 Metaspace       used 69939K, committed 71488K, reserved 1114112K
  class space    used 7320K, committed 8064K, reserved 1048576K
}
Event: 46.079 GC heap before
{Heap before GC invocations=1078 (full 3):
 PSYoungGen      total 14848K, used 14582K [0x00000000d5580000, 0x00000000d6600000, 0x0000000100000000)
  eden space 12800K, 100% used [0x00000000d5580000,0x00000000d6200000,0x00000000d6200000)
  from space 2048K, 87% used [0x00000000d6400000,0x00000000d65bd808,0x00000000d6600000)
  to   space 2048K, 0% used [0x00000000d6200000,0x00000000d6200000,0x00000000d6400000)
 ParOldGen       total 726016K, used 725733K [0x0000000080000000, 0x00000000ac500000, 0x00000000d5580000)
  object space 726016K, 99% used [0x0000000080000000,0x00000000ac4b97d0,0x00000000ac500000)
 Metaspace       used 69939K, committed 71488K, reserved 1114112K
  class space    used 7320K, committed 8064K, reserved 1048576K
}
Event: 46.110 GC heap after
{Heap after GC invocations=1078 (full 3):
 PSYoungGen      total 14848K, used 1740K [0x00000000d5580000, 0x00000000d6880000, 0x0000000100000000)
  eden space 12800K, 0% used [0x00000000d5580000,0x00000000d5580000,0x00000000d6200000)
  from space 2048K, 84% used [0x00000000d6200000,0x00000000d63b3008,0x00000000d6400000)
  to   space 2048K, 0% used [0x00000000d6680000,0x00000000d6680000,0x00000000d6880000)
 ParOldGen       total 727552K, used 727261K [0x0000000080000000, 0x00000000ac680000, 0x00000000d5580000)
  object space 727552K, 99% used [0x0000000080000000,0x00000000ac6377d0,0x00000000ac680000)
 Metaspace       used 69939K, committed 71488K, reserved 1114112K
  class space    used 7320K, committed 8064K, reserved 1048576K
}
Event: 46.159 GC heap before
{Heap before GC invocations=1079 (full 3):
 PSYoungGen      total 14848K, used 14540K [0x00000000d5580000, 0x00000000d6880000, 0x0000000100000000)
  eden space 12800K, 100% used [0x00000000d5580000,0x00000000d6200000,0x00000000d6200000)
  from space 2048K, 84% used [0x00000000d6200000,0x00000000d63b3008,0x00000000d6400000)
  to   space 2048K, 0% used [0x00000000d6680000,0x00000000d6680000,0x00000000d6880000)
 ParOldGen       total 727552K, used 727261K [0x0000000080000000, 0x00000000ac680000, 0x00000000d5580000)
  object space 727552K, 99% used [0x0000000080000000,0x00000000ac6377d0,0x00000000ac680000)
 Metaspace       used 69961K, committed 71488K, reserved 1114112K
  class space    used 7322K, committed 8064K, reserved 1048576K
}
Event: 46.198 GC heap after
{Heap after GC invocations=1079 (full 3):
 PSYoungGen      total 14848K, used 2021K [0x00000000d5580000, 0x00000000d6d80000, 0x0000000100000000)
  eden space 12800K, 0% used [0x00000000d5580000,0x00000000d5580000,0x00000000d6200000)
  from space 2048K, 98% used [0x00000000d6680000,0x00000000d6879538,0x00000000d6880000)
  to   space 4608K, 0% used [0x00000000d6200000,0x00000000d6200000,0x00000000d6680000)
 ParOldGen       total 729600K, used 729392K [0x0000000080000000, 0x00000000ac880000, 0x00000000d5580000)
  object space 729600K, 99% used [0x0000000080000000,0x00000000ac84c2e0,0x00000000ac880000)
 Metaspace       used 69961K, committed 71488K, reserved 1114112K
  class space    used 7322K, committed 8064K, reserved 1048576K
}
Event: 46.233 GC heap before
{Heap before GC invocations=1080 (full 3):
 PSYoungGen      total 14848K, used 14821K [0x00000000d5580000, 0x00000000d6d80000, 0x0000000100000000)
  eden space 12800K, 100% used [0x00000000d5580000,0x00000000d6200000,0x00000000d6200000)
  from space 2048K, 98% used [0x00000000d6680000,0x00000000d6879538,0x00000000d6880000)
  to   space 4608K, 0% used [0x00000000d6200000,0x00000000d6200000,0x00000000d6680000)
 ParOldGen       total 729600K, used 729392K [0x0000000080000000, 0x00000000ac880000, 0x00000000d5580000)
  object space 729600K, 99% used [0x0000000080000000,0x00000000ac84c2e0,0x00000000ac880000)
 Metaspace       used 69990K, committed 71552K, reserved 1114112K
  class space    used 7323K, committed 8064K, reserved 1048576K
}
Event: 47.381 GC heap after
{Heap after GC invocations=1080 (full 3):
 PSYoungGen      total 17408K, used 4601K [0x00000000d5580000, 0x00000000d7e80000, 0x0000000100000000)
  eden space 12800K, 0% used [0x00000000d5580000,0x00000000d5580000,0x00000000d6200000)
  from space 4608K, 99% used [0x00000000d6200000,0x00000000d667e600,0x00000000d6680000)
  to   space 13312K, 0% used [0x00000000d7180000,0x00000000d7180000,0x00000000d7e80000)
 ParOldGen       total 736768K, used 736635K [0x0000000080000000, 0x00000000acf80000, 0x00000000d5580000)
  object space 736768K, 99% used [0x0000000080000000,0x00000000acf5ef98,0x00000000acf80000)
 Metaspace       used 69990K, committed 71552K, reserved 1114112K
  class space    used 7323K, committed 8064K, reserved 1048576K
}
Event: 47.439 GC heap before
{Heap before GC invocations=1081 (full 3):
 PSYoungGen      total 17408K, used 17401K [0x00000000d5580000, 0x00000000d7e80000, 0x0000000100000000)
  eden space 12800K, 100% used [0x00000000d5580000,0x00000000d6200000,0x00000000d6200000)
  from space 4608K, 99% used [0x00000000d6200000,0x00000000d667e600,0x00000000d6680000)
  to   space 13312K, 0% used [0x00000000d7180000,0x00000000d7180000,0x00000000d7e80000)
 ParOldGen       total 736768K, used 736635K [0x0000000080000000, 0x00000000acf80000, 0x00000000d5580000)
  object space 736768K, 99% used [0x0000000080000000,0x00000000acf5ef98,0x00000000acf80000)
 Metaspace       used 70006K, committed 71552K, reserved 1114112K
  class space    used 7325K, committed 8064K, reserved 1048576K
}
Event: 47.488 GC heap after
{Heap after GC invocations=1081 (full 3):
 PSYoungGen      total 23552K, used 7763K [0x00000000d5580000, 0x00000000d7980000, 0x0000000100000000)
  eden space 15360K, 0% used [0x00000000d5580000,0x00000000d5580000,0x00000000d6480000)
  from space 8192K, 94% used [0x00000000d7180000,0x00000000d7914c60,0x00000000d7980000)
  to   space 9216K, 0% used [0x00000000d6780000,0x00000000d6780000,0x00000000d7080000)
 ParOldGen       total 740352K, used 740163K [0x0000000080000000, 0x00000000ad300000, 0x00000000d5580000)
  object space 740352K, 99% used [0x0000000080000000,0x00000000ad2d0ff8,0x00000000ad300000)
 Metaspace       used 70006K, committed 71552K, reserved 1114112K
  class space    used 7325K, committed 8064K, reserved 1048576K
}
Event: 47.571 GC heap before
{Heap before GC invocations=1082 (full 3):
 PSYoungGen      total 23552K, used 23123K [0x00000000d5580000, 0x00000000d7980000, 0x0000000100000000)
  eden space 15360K, 100% used [0x00000000d5580000,0x00000000d6480000,0x00000000d6480000)
  from space 8192K, 94% used [0x00000000d7180000,0x00000000d7914c60,0x00000000d7980000)
  to   space 9216K, 0% used [0x00000000d6780000,0x00000000d6780000,0x00000000d7080000)
 ParOldGen       total 740352K, used 740163K [0x0000000080000000, 0x00000000ad300000, 0x00000000d5580000)
  object space 740352K, 99% used [0x0000000080000000,0x00000000ad2d0ff8,0x00000000ad300000)
 Metaspace       used 70016K, committed 71616K, reserved 1114112K
  class space    used 7325K, committed 8064K, reserved 1048576K
}
Event: 47.708 GC heap after
{Heap after GC invocations=1082 (full 3):
 PSYoungGen      total 24576K, used 5712K [0x00000000d5580000, 0x00000000d7580000, 0x0000000100000000)
  eden space 18432K, 0% used [0x00000000d5580000,0x00000000d5580000,0x00000000d6780000)
  from space 6144K, 92% used [0x00000000d6780000,0x00000000d6d140b0,0x00000000d6d80000)
  to   space 7168K, 0% used [0x00000000d6e80000,0x00000000d6e80000,0x00000000d7580000)
 ParOldGen       total 747520K, used 747107K [0x0000000080000000, 0x00000000ada00000, 0x00000000d5580000)
  object space 747520K, 99% used [0x0000000080000000,0x00000000ad998d38,0x00000000ada00000)
 Metaspace       used 70016K, committed 71616K, reserved 1114112K
  class space    used 7325K, committed 8064K, reserved 1048576K
}
Event: 47.812 GC heap before
{Heap before GC invocations=1083 (full 3):
 PSYoungGen      total 24576K, used 24144K [0x00000000d5580000, 0x00000000d7580000, 0x0000000100000000)
  eden space 18432K, 100% used [0x00000000d5580000,0x00000000d6780000,0x00000000d6780000)
  from space 6144K, 92% used [0x00000000d6780000,0x00000000d6d140b0,0x00000000d6d80000)
  to   space 7168K, 0% used [0x00000000d6e80000,0x00000000d6e80000,0x00000000d7580000)
 ParOldGen       total 747520K, used 747107K [0x0000000080000000, 0x00000000ada00000, 0x00000000d5580000)
  object space 747520K, 99% used [0x0000000080000000,0x00000000ad998d38,0x00000000ada00000)
 Metaspace       used 70017K, committed 71616K, reserved 1114112K
  class space    used 7325K, committed 8064K, reserved 1048576K
}
Event: 47.930 GC heap after
{Heap after GC invocations=1083 (full 3):
 PSYoungGen      total 26112K, used 6275K [0x00000000d5580000, 0x00000000d7880000, 0x0000000100000000)
  eden space 18944K, 0% used [0x00000000d5580000,0x00000000d5580000,0x00000000d6800000)
  from space 7168K, 87% used [0x00000000d6e80000,0x00000000d74a0f28,0x00000000d7580000)
  to   space 6656K, 0% used [0x00000000d6800000,0x00000000d6800000,0x00000000d6e80000)
 ParOldGen       total 752128K, used 751644K [0x0000000080000000, 0x00000000ade80000, 0x00000000d5580000)
  object space 752128K, 99% used [0x0000000080000000,0x00000000ade070b8,0x00000000ade80000)
 Metaspace       used 70017K, committed 71616K, reserved 1114112K
  class space    used 7325K, committed 8064K, reserved 1048576K
}
Event: 49.217 GC heap before
{Heap before GC invocations=1084 (full 3):
 PSYoungGen      total 26112K, used 25219K [0x00000000d5580000, 0x00000000d7880000, 0x0000000100000000)
  eden space 18944K, 100% used [0x00000000d5580000,0x00000000d6800000,0x00000000d6800000)
  from space 7168K, 87% used [0x00000000d6e80000,0x00000000d74a0f28,0x00000000d7580000)
  to   space 6656K, 0% used [0x00000000d6800000,0x00000000d6800000,0x00000000d6e80000)
 ParOldGen       total 752128K, used 751644K [0x0000000080000000, 0x00000000ade80000, 0x00000000d5580000)
  object space 752128K, 99% used [0x0000000080000000,0x00000000ade070b8,0x00000000ade80000)
 Metaspace       used 70159K, committed 71744K, reserved 1114112K
  class space    used 7341K, committed 8064K, reserved 1048576K
}
Event: 49.287 GC heap after
{Heap after GC invocations=1084 (full 3):
 PSYoungGen      total 25600K, used 3418K [0x00000000d5580000, 0x00000000d7500000, 0x0000000100000000)
  eden space 18944K, 0% used [0x00000000d5580000,0x00000000d5580000,0x00000000d6800000)
  from space 6656K, 51% used [0x00000000d6800000,0x00000000d6b56aa0,0x00000000d6e80000)
  to   space 4608K, 0% used [0x00000000d7080000,0x00000000d7080000,0x00000000d7500000)
 ParOldGen       total 758272K, used 757836K [0x0000000080000000, 0x00000000ae480000, 0x00000000d5580000)
  object space 758272K, 99% used [0x0000000080000000,0x00000000ae413150,0x00000000ae480000)
 Metaspace       used 70159K, committed 71744K, reserved 1114112K
  class space    used 7341K, committed 8064K, reserved 1048576K
}
Event: 49.343 GC heap before
{Heap before GC invocations=1085 (full 3):
 PSYoungGen      total 25600K, used 22362K [0x00000000d5580000, 0x00000000d7500000, 0x0000000100000000)
  eden space 18944K, 100% used [0x00000000d5580000,0x00000000d6800000,0x00000000d6800000)
  from space 6656K, 51% used [0x00000000d6800000,0x00000000d6b56aa0,0x00000000d6e80000)
  to   space 4608K, 0% used [0x00000000d7080000,0x00000000d7080000,0x00000000d7500000)
 ParOldGen       total 758272K, used 757836K [0x0000000080000000, 0x00000000ae480000, 0x00000000d5580000)
  object space 758272K, 99% used [0x0000000080000000,0x00000000ae413150,0x00000000ae480000)
 Metaspace       used 70160K, committed 71744K, reserved 1114112K
  class space    used 7341K, committed 8064K, reserved 1048576K
}
Event: 49.378 GC heap after
{Heap after GC invocations=1085 (full 3):
 PSYoungGen      total 24064K, used 831K [0x00000000d5580000, 0x00000000d7180000, 0x0000000100000000)
  eden space 23040K, 0% used [0x00000000d5580000,0x00000000d5580000,0x00000000d6c00000)
  from space 1024K, 81% used [0x00000000d7080000,0x00000000d714fc80,0x00000000d7180000)
  to   space 2048K, 0% used [0x00000000d6d80000,0x00000000d6d80000,0x00000000d6f80000)
 ParOldGen       total 761344K, used 761131K [0x0000000080000000, 0x00000000ae780000, 0x00000000d5580000)
  object space 761344K, 99% used [0x0000000080000000,0x00000000ae74ac90,0x00000000ae780000)
 Metaspace       used 70160K, committed 71744K, reserved 1114112K
  class space    used 7341K, committed 8064K, reserved 1048576K
}

